<?xml version="1.0" encoding="UTF-8"?>
<!-- Generated by org.testng.reporters.JUnitXMLReporter -->
<testsuite ignored="0" hostname="Robin" failures="0" tests="4" name="Surefire test" time="6.717" errors="0" timestamp="2024-02-24T13:38:01 EST">
  <testcase classname="api.test.UserTests" name="testPostUser" time="2.176"/>
  <testcase classname="api.test.UserTests" name="getuser" time="0.794"/>
  <testcase classname="api.test.UserTests" name="updateUserbyUserName" time="1.238"/>
  <testcase classname="api.test.UserTests" name="delteusername" time="1.976"/>
</testsuite> <!-- Surefire test -->
