<?xml version="1.0" encoding="UTF-8"?>
<!-- Generated by org.testng.reporters.JUnitXMLReporter -->
<testsuite ignored="0" hostname="Robin" failures="0" tests="6" name="Default test" time="7.151" errors="0" timestamp="2024-02-24T13:33:51 EST">
  <testcase classname="api.test.DDTtest" name="testPostUser" time="2.636"/>
  <testcase classname="api.test.DDTtest" name="testPostUser" time="0.327"/>
  <testcase classname="api.test.DDTtest" name="testPostUser" time="0.538"/>
  <testcase classname="api.test.DDTtest" name="deleteUser" time="1.035"/>
  <testcase classname="api.test.DDTtest" name="deleteUser" time="0.45"/>
  <testcase classname="api.test.DDTtest" name="deleteUser" time="1.061"/>
</testsuite> <!-- Default test -->
