<?xml version="1.0" encoding="UTF-8"?>
<!-- Generated by org.testng.reporters.JUnitXMLReporter -->
<testsuite ignored="0" hostname="Robin" failures="0" tests="6" name="Test" time="4.897" errors="0" timestamp="2024-02-21T10:58:13 EST">
  <testcase classname="api.test.DDTtest" name="testPostUser" time="2.023"/>
  <testcase classname="api.test.DDTtest" name="testPostUser" time="0.252"/>
  <testcase classname="api.test.DDTtest" name="testPostUser" time="0.282"/>
  <testcase classname="api.test.DDTtest" name="deleteUser" time="0.26"/>
  <testcase classname="api.test.DDTtest" name="deleteUser" time="0.241"/>
  <testcase classname="api.test.DDTtest" name="deleteUser" time="0.236"/>
</testsuite> <!-- Test -->
