<?xml version="1.0" encoding="UTF-8"?>
<testng-results ignored="0" total="4" passed="4" failed="0" skipped="0">
  <reporter-output>
  </reporter-output>
  <suite started-at="2024-02-24T13:37:55 EST" name="Surefire suite" finished-at="2024-02-24T13:38:01 EST" duration-ms="6717">
    <groups>
    </groups>
    <test started-at="2024-02-24T13:37:55 EST" name="Surefire test" finished-at="2024-02-24T13:38:01 EST" duration-ms="6717">
      <class name="api.test.UserTests">
        <test-method is-config="true" signature="setupData()[pri:0, instance:api.test.UserTests@6d4e5011]" started-at="2024-02-24T13:37:55 EST" name="setupData" finished-at="2024-02-24T13:37:55 EST" duration-ms="504" status="PASS">
          <reporter-output>
          </reporter-output>
        </test-method> <!-- setupData -->
        <test-method signature="testPostUser()[pri:1, instance:api.test.UserTests@6d4e5011]" started-at="2024-02-24T13:37:55 EST" name="testPostUser" finished-at="2024-02-24T13:37:57 EST" duration-ms="2176" status="PASS">
          <reporter-output>
          </reporter-output>
        </test-method> <!-- testPostUser -->
        <test-method signature="getuser()[pri:2, instance:api.test.UserTests@6d4e5011]" started-at="2024-02-24T13:37:57 EST" name="getuser" finished-at="2024-02-24T13:37:58 EST" duration-ms="794" status="PASS">
          <reporter-output>
          </reporter-output>
        </test-method> <!-- getuser -->
        <test-method signature="updateUserbyUserName()[pri:3, instance:api.test.UserTests@6d4e5011]" started-at="2024-02-24T13:37:58 EST" name="updateUserbyUserName" finished-at="2024-02-24T13:37:59 EST" duration-ms="1238" status="PASS">
          <reporter-output>
          </reporter-output>
        </test-method> <!-- updateUserbyUserName -->
        <test-method signature="delteusername()[pri:4, instance:api.test.UserTests@6d4e5011]" started-at="2024-02-24T13:37:59 EST" name="delteusername" finished-at="2024-02-24T13:38:01 EST" duration-ms="1976" status="PASS">
          <reporter-output>
          </reporter-output>
        </test-method> <!-- delteusername -->
      </class> <!-- api.test.UserTests -->
    </test> <!-- Surefire test -->
  </suite> <!-- Surefire suite -->
</testng-results>
